<?xml version="1.0" encoding="utf-8"?><testsuites name="pytest tests"><testsuite name="pytest" errors="0" failures="0" skipped="0" tests="12" time="4.584" timestamp="2026-06-19T03:54:00.782695+00:00" hostname="agent-env-25adc0bd-692d-4fd2-accf-d5a6b756cb4c"><testcase classname="backend.tests.test_iter3.TestCompanyGet" name="test_get_company_admin" time="0.523" /><testcase classname="backend.tests.test_iter3.TestCompanyGet" name="test_get_company_vendedor" time="0.481" /><testcase classname="backend.tests.test_iter3.TestCompanyGet" name="test_get_company_unauth" time="0.088" /><testcase classname="backend.tests.test_iter3.TestCompanyUpdate" name="test_update_company_admin" time="0.189" /><testcase classname="backend.tests.test_iter3.TestCompanyUpdate" name="test_update_company_vendedor_forbidden" time="0.110" /><testcase classname="backend.tests.test_iter3.TestCompanyUpdate" name="test_update_company_supervisor_forbidden" time="0.487" /><testcase classname="backend.tests.test_iter3.TestCompanyUpdate" name="test_update_company_ignores_unknown_fields" time="0.094" /><testcase classname="backend.tests.test_iter3.TestCompanyLogo" name="test_logo_upload_non_image_rejected" time="0.094" /><testcase classname="backend.tests.test_iter3.TestCompanyLogo" name="test_logo_upload_too_big" time="0.599" /><testcase classname="backend.tests.test_iter3.TestCompanyLogo" name="test_logo_upload_vendedor_forbidden" time="0.147" /><testcase classname="backend.tests.test_iter3.TestCompanyLogo" name="test_logo_upload_admin_ok_and_get" time="0.560" /><testcase classname="backend.tests.test_iter3.TestCompanyMultiTenant" name="test_logo_isolation_between_tenants" time="1.150" /></testsuite></testsuites>