<?xml version="1.0" encoding="utf-8"?><testsuites name="pytest tests"><testsuite name="pytest" errors="0" failures="1" skipped="0" tests="12" time="7.996" timestamp="2026-06-19T01:03:33.078454+00:00" hostname="agent-env-25adc0bd-692d-4fd2-accf-d5a6b756cb4c"><testcase classname="backend.tests.test_iter2.TestMultiTenant" name="test_seeded_admin_has_demo_company" time="0.422" /><testcase classname="backend.tests.test_iter2.TestMultiTenant" name="test_seeded_vendedor_supervisor_same_company" time="0.733" /><testcase classname="backend.tests.test_iter2.TestMultiTenant" name="test_register_company_creates_admin" time="0.691" /><testcase classname="backend.tests.test_iter2.TestMultiTenant" name="test_register_duplicate_email_rejected" time="0.118" /><testcase classname="backend.tests.test_iter2.TestMultiTenant" name="test_cross_tenant_isolation_clients" time="1.437" /><testcase classname="backend.tests.test_iter2.TestPasswordReset" name="test_forgot_password_returns_ok" time="0.098" /><testcase classname="backend.tests.test_iter2.TestPasswordReset" name="test_forgot_password_unknown_email_still_ok" time="0.093" /><testcase classname="backend.tests.test_iter2.TestPasswordReset" name="test_full_reset_flow" time="1.489"><failure message="AssertionError: Could not find [PWD RESET] token for reset-1781831016@test.com in backend logs&#10;assert None">backend/tests/test_iter2.py:168: in test_full_reset_flow
    assert token, f"Could not find [PWD RESET] token for {email} in backend logs"
E   AssertionError: Could not find [PWD RESET] token for reset-1781831016@test.com in backend logs
E   assert None</failure></testcase><testcase classname="backend.tests.test_iter2.TestPasswordReset" name="test_reset_with_invalid_token" time="0.154" /><testcase classname="backend.tests.test_iter2.TestAttachments" name="test_attachment_full_cycle" time="1.148" /><testcase classname="backend.tests.test_iter2.TestAttachments" name="test_attachment_cross_tenant_404" time="1.206" /><testcase classname="backend.tests.test_iter2.TestRequisitionNotify" name="test_approve_does_not_error_without_resend" time="0.302" /></testsuite></testsuites>