<?xml version="1.0" encoding="utf-8"?><testsuites name="pytest tests"><testsuite name="pytest" errors="0" failures="0" skipped="0" tests="23" time="6.948" timestamp="2026-06-19T00:44:19.581137+00:00" hostname="agent-env-25adc0bd-692d-4fd2-accf-d5a6b756cb4c"><testcase classname="backend.tests.test_crm.TestAuth" name="test_login_admin" time="0.394" /><testcase classname="backend.tests.test_crm.TestAuth" name="test_login_vendedor" time="0.324" /><testcase classname="backend.tests.test_crm.TestAuth" name="test_login_supervisor" time="0.332" /><testcase classname="backend.tests.test_crm.TestAuth" name="test_login_invalid" time="0.317" /><testcase classname="backend.tests.test_crm.TestAuth" name="test_me_endpoint" time="0.419" /><testcase classname="backend.tests.test_crm.TestAuth" name="test_me_no_token" time="0.101" /><testcase classname="backend.tests.test_crm.TestUsers" name="test_admin_list_users" time="0.101" /><testcase classname="backend.tests.test_crm.TestUsers" name="test_vendedor_forbidden_users" time="0.432" /><testcase classname="backend.tests.test_crm.TestUsers" name="test_supervisor_forbidden_users" time="0.415" /><testcase classname="backend.tests.test_crm.TestUsers" name="test_create_and_delete_user" time="0.419" /><testcase classname="backend.tests.test_crm.TestUsers" name="test_vendedor_cannot_delete_user" time="0.524" /><testcase classname="backend.tests.test_crm.TestClients" name="test_clients_crud" time="0.587" /><testcase classname="backend.tests.test_crm.TestProjects" name="test_projects_crud" time="0.297" /><testcase classname="backend.tests.test_crm.TestSuppliers" name="test_suppliers_crud" time="0.188" /><testcase classname="backend.tests.test_crm.TestMaterials" name="test_materials_crud" time="0.199" /><testcase classname="backend.tests.test_crm.TestQuotes" name="test_quote_auto_number_and_totals" time="0.212" /><testcase classname="backend.tests.test_crm.TestRequisitions" name="test_req_auto_number_and_requester" time="0.288" /><testcase classname="backend.tests.test_crm.TestRequisitions" name="test_supervisor_can_approve" time="0.301" /><testcase classname="backend.tests.test_crm.TestRequisitions" name="test_vendedor_cannot_approve" time="0.505" /><testcase classname="backend.tests.test_crm.TestEvents" name="test_events_crud" time="0.206" /><testcase classname="backend.tests.test_crm.TestDashboard" name="test_dashboard_stats" time="0.100" /><testcase classname="backend.tests.test_crm.TestDashboard" name="test_projects_by_status" time="0.098" /><testcase classname="backend.tests.test_crm.TestDashboard" name="test_leads_by_stage" time="0.102" /></testsuite></testsuites>